[16:46:37] [Server thread/INFO]: Starting minecraft server version 1.12.2
[16:46:37] [Server thread/INFO]: Loading properties
[16:46:37] [Server thread/INFO]: Default game type: CREATIVE
[16:46:37] [Server thread/INFO]: This server is running CraftBukkit version git-Spigot-79a30d7-f4830a1 (MC: 1.12.2) (Implementing API version 1.12.2-R0.1-SNAPSHOT)
[16:46:37] [Server thread/INFO]: Debug logging is disabled
[16:46:37] [Server thread/INFO]: Server Ping Player Sample Count: 12

[16:46:37] [Server thread/INFO]: Using 4 threads for Netty based IO
[16:46:37] [Server thread/INFO]: Generating keypair
[16:46:37] [Server thread/INFO]: Starting Minecraft server on *:25565
[16:46:37] [Server thread/INFO]: Using epoll channel type
[16:46:37] [Server thread/INFO]: Set PluginClassLoader as parallel capable
[16:46:37] [Server thread/INFO]: [Holy] Loading Holy v1.0
[16:46:37] [Server thread/WARN]: **** SERVER IS RUNNING IN OFFLINE/INSECURE MODE!
[16:46:37] [Server thread/WARN]: The server will make no attempt to authenticate usernames. Beware.
[16:46:37] [Server thread/WARN]: While this makes the game possible to play without internet access, it also opens up the ability for hackers to connect with any username they choose.
[16:46:37] [Server thread/WARN]: To change this, set "online-mode" to "true" in the server.properties file.
[16:46:37] [Server thread/INFO]: **** Beginning UUID conversion, this may take A LONG time ****
[16:46:37] [Server thread/INFO]: Preparing level "world"
[16:46:37] [Server thread/INFO]: -------- World Settings For [world] --------
[16:46:37] [Server thread/INFO]: Cactus Growth Modifier: 100%
[16:46:37] [Server thread/INFO]: Cane Growth Modifier: 100%
[16:46:37] [Server thread/INFO]: Melon Growth Modifier: 100%
[16:46:37] [Server thread/INFO]: Mushroom Growth Modifier: 100%
[16:46:37] [Server thread/INFO]: Pumpkin Growth Modifier: 100%
[16:46:37] [Server thread/INFO]: Sapling Growth Modifier: 100%
[16:46:37] [Server thread/INFO]: Wheat Growth Modifier: 100%
[16:46:37] [Server thread/INFO]: NetherWart Growth Modifier: 100%
[16:46:37] [Server thread/INFO]: Vine Growth Modifier: 100%
[16:46:37] [Server thread/INFO]: Cocoa Growth Modifier: 100%
[16:46:37] [Server thread/INFO]: Mob Spawn Range: 4
[16:46:37] [Server thread/INFO]: Entity Activation Range: An 32 / Mo 32 / Mi 16 / Tiv true
[16:46:37] [Server thread/INFO]: Entity Tracking Range: Pl 48 / An 48 / Mo 48 / Mi 32 / Other 64
[16:46:37] [Server thread/INFO]: Hopper Transfer: 8 Hopper Check: 1 Hopper Amount: 1
[16:46:37] [Server thread/INFO]: Random Lighting Updates: false
[16:46:37] [Server thread/INFO]: Structure Info Saving: true
[16:46:37] [Server thread/INFO]: Custom Map Seeds:  Village: 10387312 Feature: 14357617 Monument: 10387313 Slime: 987234911
[16:46:37] [Server thread/INFO]: Max TNT Explosions: 100
[16:46:37] [Server thread/INFO]: Tile Max Tick Time: 50ms Entity max Tick Time: 50ms
[16:46:37] [Server thread/INFO]: View Distance: 10
[16:46:37] [Server thread/INFO]: Item Despawn Rate: 6000
[16:46:37] [Server thread/INFO]: Item Merge Radius: 2.5
[16:46:37] [Server thread/INFO]: Arrow Despawn Rate: 1200
[16:46:37] [Server thread/INFO]: Allow Zombie Pigmen to spawn from portal blocks: true
[16:46:37] [Server thread/INFO]: Experience Merge Radius: 3.0
[16:46:37] [Server thread/INFO]: Zombie Aggressive Towards Villager: true
[16:46:37] [Server thread/INFO]: Nerfing mobs spawned from spawners: false
[16:46:38] [Server thread/INFO]: -------- World Settings For [world_nether] --------
[16:46:38] [Server thread/INFO]: Cactus Growth Modifier: 100%
[16:46:38] [Server thread/INFO]: Cane Growth Modifier: 100%
[16:46:38] [Server thread/INFO]: Melon Growth Modifier: 100%
[16:46:38] [Server thread/INFO]: Mushroom Growth Modifier: 100%
[16:46:38] [Server thread/INFO]: Pumpkin Growth Modifier: 100%
[16:46:38] [Server thread/INFO]: Sapling Growth Modifier: 100%
[16:46:38] [Server thread/INFO]: Wheat Growth Modifier: 100%
[16:46:38] [Server thread/INFO]: NetherWart Growth Modifier: 100%
[16:46:38] [Server thread/INFO]: Vine Growth Modifier: 100%
[16:46:38] [Server thread/INFO]: Cocoa Growth Modifier: 100%
[16:46:38] [Server thread/INFO]: Mob Spawn Range: 4
[16:46:38] [Server thread/INFO]: Entity Activation Range: An 32 / Mo 32 / Mi 16 / Tiv true
[16:46:38] [Server thread/INFO]: Entity Tracking Range: Pl 48 / An 48 / Mo 48 / Mi 32 / Other 64
[16:46:38] [Server thread/INFO]: Hopper Transfer: 8 Hopper Check: 1 Hopper Amount: 1
[16:46:38] [Server thread/INFO]: Random Lighting Updates: false
[16:46:38] [Server thread/INFO]: Structure Info Saving: true
[16:46:38] [Server thread/INFO]: Custom Map Seeds:  Village: 10387312 Feature: 14357617 Monument: 10387313 Slime: 987234911
[16:46:38] [Server thread/INFO]: Max TNT Explosions: 100
[16:46:38] [Server thread/INFO]: Tile Max Tick Time: 50ms Entity max Tick Time: 50ms
[16:46:38] [Server thread/INFO]: View Distance: 10
[16:46:38] [Server thread/INFO]: Item Despawn Rate: 6000
[16:46:38] [Server thread/INFO]: Item Merge Radius: 2.5
[16:46:38] [Server thread/INFO]: Arrow Despawn Rate: 1200
[16:46:38] [Server thread/INFO]: Allow Zombie Pigmen to spawn from portal blocks: true
[16:46:38] [Server thread/INFO]: Experience Merge Radius: 3.0
[16:46:38] [Server thread/INFO]: Zombie Aggressive Towards Villager: true
[16:46:38] [Server thread/INFO]: Nerfing mobs spawned from spawners: false
[16:46:38] [Server thread/INFO]: -------- World Settings For [world_the_end] --------
[16:46:38] [Server thread/INFO]: Cactus Growth Modifier: 100%
[16:46:38] [Server thread/INFO]: Cane Growth Modifier: 100%
[16:46:38] [Server thread/INFO]: Melon Growth Modifier: 100%
[16:46:38] [Server thread/INFO]: Mushroom Growth Modifier: 100%
[16:46:38] [Server thread/INFO]: Pumpkin Growth Modifier: 100%
[16:46:38] [Server thread/INFO]: Sapling Growth Modifier: 100%
[16:46:38] [Server thread/INFO]: Wheat Growth Modifier: 100%
[16:46:38] [Server thread/INFO]: NetherWart Growth Modifier: 100%
[16:46:38] [Server thread/INFO]: Vine Growth Modifier: 100%
[16:46:38] [Server thread/INFO]: Cocoa Growth Modifier: 100%
[16:46:38] [Server thread/INFO]: Mob Spawn Range: 4
[16:46:38] [Server thread/INFO]: Entity Activation Range: An 32 / Mo 32 / Mi 16 / Tiv true
[16:46:38] [Server thread/INFO]: Entity Tracking Range: Pl 48 / An 48 / Mo 48 / Mi 32 / Other 64
[16:46:38] [Server thread/INFO]: Hopper Transfer: 8 Hopper Check: 1 Hopper Amount: 1
[16:46:38] [Server thread/INFO]: Random Lighting Updates: false
[16:46:38] [Server thread/INFO]: Structure Info Saving: true
[16:46:38] [Server thread/INFO]: Custom Map Seeds:  Village: 10387312 Feature: 14357617 Monument: 10387313 Slime: 987234911
[16:46:38] [Server thread/INFO]: Max TNT Explosions: 100
[16:46:38] [Server thread/INFO]: Tile Max Tick Time: 50ms Entity max Tick Time: 50ms
[16:46:38] [Server thread/INFO]: View Distance: 10
[16:46:38] [Server thread/INFO]: Item Despawn Rate: 6000
[16:46:38] [Server thread/INFO]: Item Merge Radius: 2.5
[16:46:38] [Server thread/INFO]: Arrow Despawn Rate: 1200
[16:46:38] [Server thread/INFO]: Allow Zombie Pigmen to spawn from portal blocks: true
[16:46:38] [Server thread/INFO]: Experience Merge Radius: 3.0
[16:46:38] [Server thread/INFO]: Zombie Aggressive Towards Villager: true
[16:46:38] [Server thread/INFO]: Nerfing mobs spawned from spawners: false
[16:46:38] [Server thread/INFO]: Preparing start region for level 0 (Seed: -4517173496706980403)
[16:46:39] [Server thread/INFO]: Preparing start region for level 1 (Seed: -4517173496706980403)
[16:46:39] [Server thread/INFO]: Preparing start region for level 2 (Seed: -4517173496706980403)
[16:46:39] [Server thread/INFO]: [Holy] Enabling Holy v1.0
[16:46:39] [Server thread/INFO]: HolyPlugin enabled

[16:46:39] [Server thread/INFO]: Server permissions file permissions.yml is empty, ignoring it
[16:46:39] [Server thread/INFO]: Done (1.831s)! For help, type "help" or "?"
[16:46:58] [User Authenticator #1/INFO]: UUID of player Celforce is 52490de8-98ea-3ab3-ad0d-4acae2f372c0
[16:46:59] [Server thread/INFO]: Celforce[/127.0.0.1:53724] logged in with entity id 176 at ([world]-1.722217038894795, 66.0, 240.94153967792911)
[16:49:37] [Server thread/INFO]: Stopping the server
[16:49:37] [Server thread/INFO]: Stopping server
[16:49:37] [Server thread/INFO]: [Holy] Disabling Holy v1.0
[16:49:37] [Server thread/INFO]: HolyPlugin disabled

[16:49:37] [Server thread/INFO]: Saving players
[16:49:37] [Server thread/INFO]: Celforce lost connection: Server closed
[16:49:37] [Server thread/INFO]: Celforce left the game
[16:49:37] [Server thread/INFO]: Saving worlds
[16:49:37] [Server thread/INFO]: Saving chunks for level 'world'/overworld
[16:49:37] [Server thread/INFO]: Saving chunks for level 'world_nether'/the_nether
[16:49:37] [Server thread/INFO]: Saving chunks for level 'world_the_end'/the_end
